LAPPNT  VERSION  4.3  23/09/01
COPYRIGHT AUSTRALIAN NATIONAL UNIVERSITY

SURFACE FILE NAME:
-----------------
../../current/allNA/ANUCoeffs/m12.sur

SURFACE TITLE = Tmin
SURFACE UNITS = deg

NUMBER OF SURFACES  =   12
ORDER OF DERIVATIVE =    2
NUMBER OF KNOTS     = 4955

NUMBER OF SPLINE INDEPENDENT VARIABLES =   3
NUMBER OF INDEPENDENT COVARIATES       =   0

VAR   LOWER LIMIT   UPPER LIMIT  TRANSF     UNITS   MARGINS
  1  -177.000      -52.0000           0     deg     0.000       0.000    
  2   13.0000       83.0000           0     deg     0.000       0.000    
  3  -200.000       6000.00           1     m       0.000       0.000    
   TRANSFORMATION CONSTANT  =   1000.00    

SURFACE NUMBERS (0 T0 12):
0

TYPE OF SURFACE CALCULATION (0-1):
  0 - SUMMARY STATISTICS ONLY
  1 - ALL SURFACE VALUES
    1

ERROR COVARIANCE FILE (BLANK IF NO ERRORS REQUIRED):
---------------------------------------------------


INPUT INDEPENDENT VARIABLE FILE NAME:
------------------------------------
uploadedData.txt

NUMBER OF CHARACTERS IN SITE LABEL (0 TO 20):
   20

DATA FORMAT (LABEL, 3 INDEP VARS, BLANK FOR FREE FORMAT):


OUTPUT POINT FILE NAME:
----------------------
currentClim_m.txt

INCLUDE INDEPENDENT VARIABLE VALUES (0-NO, 1-YES):
    1

OUTPUT POINT FORMAT (ALPHA,  15 REALS, BLANK FOR FREE FORMAT):
(a20,1x,2f10.4,f7.0,12f7.1)

NUMBER OF POINTS READ                  =    6379
NUMBER OF POINTS WITHIN SURFACE LIMITS =    6344

LAPPNT SUMMARY STATISTICS
-------------------------
OUTPUT POINTS FOR SURFACE   1
MINIMUM VALUE   =  -0.899      MAXIMUM VALUE =    15.5    
NUMBER OF PNTS  =    6344      AVERAGE VALUE =    1.96    

OUTPUT POINTS FOR SURFACE   2
MINIMUM VALUE   =  -0.339      MAXIMUM VALUE =    14.6    
NUMBER OF PNTS  =    6344      AVERAGE VALUE =    3.39    

OUTPUT POINTS FOR SURFACE   3
MINIMUM VALUE   =  -0.379      MAXIMUM VALUE =    13.4    
NUMBER OF PNTS  =    6344      AVERAGE VALUE =    4.37    

OUTPUT POINTS FOR SURFACE   4
MINIMUM VALUE   =    1.52      MAXIMUM VALUE =    11.8    
NUMBER OF PNTS  =    6344      AVERAGE VALUE =    5.83    

OUTPUT POINTS FOR SURFACE   5
MINIMUM VALUE   =    4.63      MAXIMUM VALUE =    12.9    
NUMBER OF PNTS  =    6344      AVERAGE VALUE =    8.69    

OUTPUT POINTS FOR SURFACE   6
MINIMUM VALUE   =    7.85      MAXIMUM VALUE =    16.8    
NUMBER OF PNTS  =    6344      AVERAGE VALUE =    11.8    

OUTPUT POINTS FOR SURFACE   7
MINIMUM VALUE   =    9.51      MAXIMUM VALUE =    19.7    
NUMBER OF PNTS  =    6344      AVERAGE VALUE =    14.1    

OUTPUT POINTS FOR SURFACE   8
MINIMUM VALUE   =    9.41      MAXIMUM VALUE =    19.1    
NUMBER OF PNTS  =    6344      AVERAGE VALUE =    13.8    

OUTPUT POINTS FOR SURFACE   9
MINIMUM VALUE   =    7.24      MAXIMUM VALUE =    16.2    
NUMBER OF PNTS  =    6344      AVERAGE VALUE =    11.9    

OUTPUT POINTS FOR SURFACE  10
MINIMUM VALUE   =    4.22      MAXIMUM VALUE =    16.1    
NUMBER OF PNTS  =    6344      AVERAGE VALUE =    8.47    

OUTPUT POINTS FOR SURFACE  11
MINIMUM VALUE   =    1.45      MAXIMUM VALUE =    16.5    
NUMBER OF PNTS  =    6344      AVERAGE VALUE =    4.77    

OUTPUT POINTS FOR SURFACE  12
MINIMUM VALUE   =  -0.699      MAXIMUM VALUE =    16.5    
NUMBER OF PNTS  =    6344      AVERAGE VALUE =    2.05    

PROGRAM LAPPNT  VERSION  4.3  DATE 28/04/2015  TIME 16.10.06
