LAPPNT  VERSION  4.3  23/09/01
COPYRIGHT AUSTRALIAN NATIONAL UNIVERSITY

SURFACE FILE NAME:
-----------------
../../current/allNA/ANUCoeffs/p12.sur

SURFACE TITLE = prcp
SURFACE UNITS = deg

NUMBER OF SURFACES  =   12
ORDER OF DERIVATIVE =    2
NUMBER OF KNOTS     = 6653

DEPENDENT VARIABLE TRANSFORMATION   =   2

NUMBER OF SPLINE INDEPENDENT VARIABLES =   3
NUMBER OF INDEPENDENT COVARIATES       =   0

VAR   LOWER LIMIT   UPPER LIMIT  TRANSF     UNITS   MARGINS
  1  -177.000      -52.0000           0     deg     0.000       0.000    
  2   13.0000       83.0000           0     deg     0.000       0.000    
  3  -200.000       6000.00           1     m       0.000       0.000    
   TRANSFORMATION CONSTANT  =   1000.00    

SURFACE NUMBERS (0 T0 12):
0

TRANSFORM SURFACE VALUES (0-NO, 1-YES):
    1

TYPE OF SURFACE CALCULATION (0-1):
  0 - SUMMARY STATISTICS ONLY
  1 - ALL SURFACE VALUES
    1

ERROR COVARIANCE FILE (BLANK IF NO ERRORS REQUIRED):
---------------------------------------------------


INPUT INDEPENDENT VARIABLE FILE NAME:
------------------------------------
uploadedData.txt

NUMBER OF CHARACTERS IN SITE LABEL (0 TO 20):
   20

DATA FORMAT (LABEL, 3 INDEP VARS, BLANK FOR FREE FORMAT):


OUTPUT POINT FILE NAME:
----------------------
currentClim_p.txt

INCLUDE INDEPENDENT VARIABLE VALUES (0-NO, 1-YES):
    1

OUTPUT POINT FORMAT (ALPHA,  15 REALS, BLANK FOR FREE FORMAT):
(a20,1x,2f10.4,f7.0,12f6.0)

NUMBER OF POINTS READ                  =    6379
NUMBER OF POINTS WITHIN SURFACE LIMITS =    6344

LAPPNT SUMMARY STATISTICS
-------------------------
OUTPUT POINTS FOR SURFACE   1
MINIMUM VALUE   =    35.4      MAXIMUM VALUE =    302.    
NUMBER OF PNTS  =    6344      AVERAGE VALUE =    116.    

OUTPUT POINTS FOR SURFACE   2
MINIMUM VALUE   =    35.1      MAXIMUM VALUE =    235.    
NUMBER OF PNTS  =    6344      AVERAGE VALUE =    98.4    

OUTPUT POINTS FOR SURFACE   3
MINIMUM VALUE   =    30.9      MAXIMUM VALUE =    217.    
NUMBER OF PNTS  =    6344      AVERAGE VALUE =    92.6    

OUTPUT POINTS FOR SURFACE   4
MINIMUM VALUE   =    16.2      MAXIMUM VALUE =    95.4    
NUMBER OF PNTS  =    6344      AVERAGE VALUE =    43.9    

OUTPUT POINTS FOR SURFACE   5
MINIMUM VALUE   =    4.21      MAXIMUM VALUE =    40.6    
NUMBER OF PNTS  =    6344      AVERAGE VALUE =    12.5    

OUTPUT POINTS FOR SURFACE   6
MINIMUM VALUE   =   0.658      MAXIMUM VALUE =    16.1    
NUMBER OF PNTS  =    6344      AVERAGE VALUE =    4.24    

OUTPUT POINTS FOR SURFACE   7
MINIMUM VALUE   =   0.379      MAXIMUM VALUE =    6.37    
NUMBER OF PNTS  =    6344      AVERAGE VALUE =    1.73    

OUTPUT POINTS FOR SURFACE   8
MINIMUM VALUE   =   0.631      MAXIMUM VALUE =    13.4    
NUMBER OF PNTS  =    6344      AVERAGE VALUE =    3.90    

OUTPUT POINTS FOR SURFACE   9
MINIMUM VALUE   =    6.09      MAXIMUM VALUE =    30.9    
NUMBER OF PNTS  =    6344      AVERAGE VALUE =    12.4    

OUTPUT POINTS FOR SURFACE  10
MINIMUM VALUE   =    8.92      MAXIMUM VALUE =    102.    
NUMBER OF PNTS  =    6344      AVERAGE VALUE =    32.3    

OUTPUT POINTS FOR SURFACE  11
MINIMUM VALUE   =    23.9      MAXIMUM VALUE =    251.    
NUMBER OF PNTS  =    6344      AVERAGE VALUE =    89.7    

OUTPUT POINTS FOR SURFACE  12
MINIMUM VALUE   =    24.6      MAXIMUM VALUE =    279.    
NUMBER OF PNTS  =    6344      AVERAGE VALUE =    95.4    

PROGRAM LAPPNT  VERSION  4.3  DATE 28/04/2015  TIME 16.10.07
