LAPPNT  VERSION  4.3  23/09/01
COPYRIGHT AUSTRALIAN NATIONAL UNIVERSITY

SURFACE FILE NAME:
-----------------
../../current/allNA/ANUCoeffs/t12.sur

SURFACE TITLE = Tavg
SURFACE UNITS = deg

NUMBER OF SURFACES  =   12
ORDER OF DERIVATIVE =    2
NUMBER OF KNOTS     = 4920

NUMBER OF SPLINE INDEPENDENT VARIABLES =   3
NUMBER OF INDEPENDENT COVARIATES       =   0

VAR   LOWER LIMIT   UPPER LIMIT  TRANSF     UNITS   MARGINS
  1  -177.000      -52.0000           0     deg     0.000       0.000    
  2   13.0000       83.0000           0     deg     0.000       0.000    
  3  -200.000       6000.00           1     m       0.000       0.000    
   TRANSFORMATION CONSTANT  =   1000.00    

SURFACE NUMBERS (0 T0 12):
0

TYPE OF SURFACE CALCULATION (0-1):
  0 - SUMMARY STATISTICS ONLY
  1 - ALL SURFACE VALUES
    1

ERROR COVARIANCE FILE (BLANK IF NO ERRORS REQUIRED):
---------------------------------------------------


INPUT INDEPENDENT VARIABLE FILE NAME:
------------------------------------
uploadedData.txt

NUMBER OF CHARACTERS IN SITE LABEL (0 TO 20):
   20

DATA FORMAT (LABEL, 3 INDEP VARS, BLANK FOR FREE FORMAT):


OUTPUT POINT FILE NAME:
----------------------
currentClim_t.txt

INCLUDE INDEPENDENT VARIABLE VALUES (0-NO, 1-YES):
    1

OUTPUT POINT FORMAT (ALPHA,  15 REALS, BLANK FOR FREE FORMAT):
(a20,1x,2f10.4,f7.0,12f7.1)

NUMBER OF POINTS READ                  =    6379
NUMBER OF POINTS WITHIN SURFACE LIMITS =    6344

LAPPNT SUMMARY STATISTICS
-------------------------
OUTPUT POINTS FOR SURFACE   1
MINIMUM VALUE   =    3.86      MAXIMUM VALUE =    19.2    
NUMBER OF PNTS  =    6344      AVERAGE VALUE =    7.72    

OUTPUT POINTS FOR SURFACE   2
MINIMUM VALUE   =    4.26      MAXIMUM VALUE =    17.8    
NUMBER OF PNTS  =    6344      AVERAGE VALUE =    9.59    

OUTPUT POINTS FOR SURFACE   3
MINIMUM VALUE   =    4.49      MAXIMUM VALUE =    16.0    
NUMBER OF PNTS  =    6344      AVERAGE VALUE =    10.8    

OUTPUT POINTS FOR SURFACE   4
MINIMUM VALUE   =    6.75      MAXIMUM VALUE =    17.0    
NUMBER OF PNTS  =    6344      AVERAGE VALUE =    13.2    

OUTPUT POINTS FOR SURFACE   5
MINIMUM VALUE   =    10.3      MAXIMUM VALUE =    21.3    
NUMBER OF PNTS  =    6344      AVERAGE VALUE =    16.7    

OUTPUT POINTS FOR SURFACE   6
MINIMUM VALUE   =    9.79      MAXIMUM VALUE =    25.6    
NUMBER OF PNTS  =    6344      AVERAGE VALUE =    20.4    

OUTPUT POINTS FOR SURFACE   7
MINIMUM VALUE   =    11.8      MAXIMUM VALUE =    28.6    
NUMBER OF PNTS  =    6344      AVERAGE VALUE =    23.3    

OUTPUT POINTS FOR SURFACE   8
MINIMUM VALUE   =    14.4      MAXIMUM VALUE =    27.8    
NUMBER OF PNTS  =    6344      AVERAGE VALUE =    22.9    

OUTPUT POINTS FOR SURFACE   9
MINIMUM VALUE   =    16.0      MAXIMUM VALUE =    24.6    
NUMBER OF PNTS  =    6344      AVERAGE VALUE =    20.7    

OUTPUT POINTS FOR SURFACE  10
MINIMUM VALUE   =    12.1      MAXIMUM VALUE =    19.6    
NUMBER OF PNTS  =    6344      AVERAGE VALUE =    16.6    

OUTPUT POINTS FOR SURFACE  11
MINIMUM VALUE   =    6.88      MAXIMUM VALUE =    19.7    
NUMBER OF PNTS  =    6344      AVERAGE VALUE =    11.2    

OUTPUT POINTS FOR SURFACE  12
MINIMUM VALUE   =    3.91      MAXIMUM VALUE =    20.2    
NUMBER OF PNTS  =    6344      AVERAGE VALUE =    7.75    

PROGRAM LAPPNT  VERSION  4.3  DATE 28/04/2015  TIME 16.10.02
